<?xml version="1.0" encoding="UTF-8"?>
<!-- Generated by org.testng.reporters.JUnitXMLReporter -->
<testsuite ignored="0" hostname="Dmitriis-MBP.Dlink" failures="1" tests="7" name="Surefire test" time="1.954" errors="0" timestamp="04 Oct 2020 13:16:42 GMT">
  <testcase classname="ApiProductsTests" name="productsPriceLessThanCustomPrice" time="1.026"/>
  <testcase classname="ApiProductsTests" name="productsPriceLessThanCustomPrice" time="0.067"/>
  <testcase classname="ApiProductsTests" name="productsPriceLessThanCustomPrice" time="0.069"/>
  <testcase classname="ApiProductsTests" name="productsShipCostLessThanCustomPrice" time="0.068">
    <failure type="java.lang.AssertionError" message="expected [false] but found [true]">
      <![CDATA[java.lang.AssertionError: expected [false] but found [true]
at ApiProductsTests.productsShipCostLessThanCustomPrice(ApiProductsTests.java:64)
... Removed 33 stack frames]]>
    </failure>
  </testcase> <!-- productsShipCostLessThanCustomPrice -->
  <testcase classname="ApiServicesTests" name="checkTheNameOfTheServiceProduct" time="0.032"/>
  <testcase classname="ApiServicesTests" name="checkTheNameOfTheServiceProduct" time="0.019"/>
  <testcase classname="ApiServicesTests" name="checkTheNameOfTheServiceProduct" time="0.019"/>
</testsuite> <!-- Surefire test -->
