<?xml version="1.0" encoding="UTF-8"?>
<testng-results ignored="0" total="7" passed="6" failed="1" skipped="0">
  <reporter-output>
  </reporter-output>
  <suite started-at="2020-10-04T13:16:40Z" name="Surefire suite" finished-at="2020-10-04T13:16:41Z" duration-ms="1954">
    <groups>
    </groups>
    <test started-at="2020-10-04T13:16:40Z" name="Surefire test" finished-at="2020-10-04T13:16:41Z" duration-ms="1954">
      <class name="ApiProductsTests">
        <test-method is-config="true" signature="createPesponseSpecCode200TypeJson()[pri:0, instance:ApiProductsTests@1aafa419]" started-at="2020-10-04T13:16:40Z" name="createPesponseSpecCode200TypeJson" finished-at="2020-10-04T13:16:40Z" duration-ms="71" status="PASS">
          <reporter-output>
          </reporter-output>
        </test-method> <!-- createPesponseSpecCode200TypeJson -->
        <test-method is-config="true" signature="createRequestSpecification()[pri:0, instance:ApiProductsTests@1aafa419]" started-at="2020-10-04T13:16:40Z" name="createRequestSpecification" finished-at="2020-10-04T13:16:40Z" duration-ms="44" status="PASS">
          <reporter-output>
          </reporter-output>
        </test-method> <!-- createRequestSpecification -->
        <test-method is-config="true" signature="createPesponseSpecCode404TypeJson()[pri:0, instance:ApiProductsTests@1aafa419]" started-at="2020-10-04T13:16:40Z" name="createPesponseSpecCode404TypeJson" finished-at="2020-10-04T13:16:40Z" duration-ms="0" status="PASS">
          <reporter-output>
          </reporter-output>
        </test-method> <!-- createPesponseSpecCode404TypeJson -->
        <test-method signature="productsPriceLessThanCustomPrice(java.lang.String, java.lang.Integer)[pri:0, instance:ApiProductsTests@1aafa419]" started-at="2020-10-04T13:16:40Z" name="productsPriceLessThanCustomPrice" data-provider="Products" finished-at="2020-10-04T13:16:41Z" duration-ms="1026" status="PASS">
          <params>
            <param index="0">
              <value>
                <![CDATA[products?price[$lte]]]>
              </value>
            </param>
            <param index="1">
              <value>
                <![CDATA[1]]>
              </value>
            </param>
          </params>
          <reporter-output>
          </reporter-output>
        </test-method> <!-- productsPriceLessThanCustomPrice -->
        <test-method signature="productsPriceLessThanCustomPrice(java.lang.String, java.lang.Integer)[pri:0, instance:ApiProductsTests@1aafa419]" started-at="2020-10-04T13:16:41Z" name="productsPriceLessThanCustomPrice" data-provider="Products" finished-at="2020-10-04T13:16:41Z" duration-ms="67" status="PASS">
          <params>
            <param index="0">
              <value>
                <![CDATA[products?price[$lte]]]>
              </value>
            </param>
            <param index="1">
              <value>
                <![CDATA[5]]>
              </value>
            </param>
          </params>
          <reporter-output>
          </reporter-output>
        </test-method> <!-- productsPriceLessThanCustomPrice -->
        <test-method signature="productsPriceLessThanCustomPrice(java.lang.String, java.lang.Integer)[pri:0, instance:ApiProductsTests@1aafa419]" started-at="2020-10-04T13:16:41Z" name="productsPriceLessThanCustomPrice" data-provider="Products" finished-at="2020-10-04T13:16:41Z" duration-ms="69" status="PASS">
          <params>
            <param index="0">
              <value>
                <![CDATA[products?price[$lte]]]>
              </value>
            </param>
            <param index="1">
              <value>
                <![CDATA[10]]>
              </value>
            </param>
          </params>
          <reporter-output>
          </reporter-output>
        </test-method> <!-- productsPriceLessThanCustomPrice -->
        <test-method signature="productsShipCostLessThanCustomPrice()[pri:0, instance:ApiProductsTests@1aafa419]" started-at="2020-10-04T13:16:41Z" name="productsShipCostLessThanCustomPrice" finished-at="2020-10-04T13:16:41Z" duration-ms="68" status="FAIL">
          <exception class="java.lang.AssertionError">
            <message>
              <![CDATA[expected [false] but found [true]]]>
            </message>
            <full-stacktrace>
              <![CDATA[java.lang.AssertionError: expected [false] but found [true]
at org.testng.Assert.fail(Assert.java:96)
at org.testng.Assert.failNotEquals(Assert.java:776)
at org.testng.Assert.assertFalse(Assert.java:65)
at org.testng.Assert.assertFalse(Assert.java:75)
at ApiProductsTests.productsShipCostLessThanCustomPrice(ApiProductsTests.java:64)
at java.base/jdk.internal.reflect.NativeMethodAccessorImpl.invoke0(Native Method)
at java.base/jdk.internal.reflect.NativeMethodAccessorImpl.invoke(NativeMethodAccessorImpl.java:62)
at java.base/jdk.internal.reflect.DelegatingMethodAccessorImpl.invoke(DelegatingMethodAccessorImpl.java:43)
at java.base/java.lang.reflect.Method.invoke(Method.java:564)
at org.testng.internal.MethodInvocationHelper.invokeMethod(MethodInvocationHelper.java:124)
at org.testng.internal.Invoker.invokeMethod(Invoker.java:583)
at org.testng.internal.Invoker.invokeTestMethod(Invoker.java:719)
at org.testng.internal.Invoker.invokeTestMethods(Invoker.java:989)
at org.testng.internal.TestMethodWorker.invokeTestMethods(TestMethodWorker.java:125)
at org.testng.internal.TestMethodWorker.run(TestMethodWorker.java:109)
at org.testng.TestRunner.privateRun(TestRunner.java:648)
at org.testng.TestRunner.run(TestRunner.java:505)
at org.testng.SuiteRunner.runTest(SuiteRunner.java:455)
at org.testng.SuiteRunner.runSequentially(SuiteRunner.java:450)
at org.testng.SuiteRunner.privateRun(SuiteRunner.java:415)
at org.testng.SuiteRunner.run(SuiteRunner.java:364)
at org.testng.SuiteRunnerWorker.runSuite(SuiteRunnerWorker.java:52)
at org.testng.SuiteRunnerWorker.run(SuiteRunnerWorker.java:84)
at org.testng.TestNG.runSuitesSequentially(TestNG.java:1208)
at org.testng.TestNG.runSuitesLocally(TestNG.java:1137)
at org.testng.TestNG.runSuites(TestNG.java:1049)
at org.testng.TestNG.run(TestNG.java:1017)
at org.apache.maven.surefire.testng.TestNGExecutor.run(TestNGExecutor.java:135)
at org.apache.maven.surefire.testng.TestNGDirectoryTestSuite.executeMulti(TestNGDirectoryTestSuite.java:193)
at org.apache.maven.surefire.testng.TestNGDirectoryTestSuite.execute(TestNGDirectoryTestSuite.java:94)
at org.apache.maven.surefire.testng.TestNGProvider.invoke(TestNGProvider.java:146)
at org.apache.maven.surefire.booter.ForkedBooter.invokeProviderInSameClassLoader(ForkedBooter.java:386)
at org.apache.maven.surefire.booter.ForkedBooter.runSuitesInProcess(ForkedBooter.java:323)
at org.apache.maven.surefire.booter.ForkedBooter.main(ForkedBooter.java:143)
]]>
            </full-stacktrace>
          </exception> <!-- java.lang.AssertionError -->
          <reporter-output>
          </reporter-output>
        </test-method> <!-- productsShipCostLessThanCustomPrice -->
      </class> <!-- ApiProductsTests -->
      <class name="ApiServicesTests">
        <test-method is-config="true" signature="createRequestSpecification()[pri:0, instance:ApiServicesTests@47eaca72]" started-at="2020-10-04T13:16:41Z" name="createRequestSpecification" finished-at="2020-10-04T13:16:41Z" duration-ms="1" status="PASS">
          <reporter-output>
          </reporter-output>
        </test-method> <!-- createRequestSpecification -->
        <test-method is-config="true" signature="createPesponseSpecCode404TypeJson()[pri:0, instance:ApiServicesTests@47eaca72]" started-at="2020-10-04T13:16:41Z" name="createPesponseSpecCode404TypeJson" finished-at="2020-10-04T13:16:41Z" duration-ms="0" status="PASS">
          <reporter-output>
          </reporter-output>
        </test-method> <!-- createPesponseSpecCode404TypeJson -->
        <test-method is-config="true" signature="createPesponseSpecCode200TypeJson()[pri:0, instance:ApiServicesTests@47eaca72]" started-at="2020-10-04T13:16:41Z" name="createPesponseSpecCode200TypeJson" finished-at="2020-10-04T13:16:41Z" duration-ms="0" status="PASS">
          <reporter-output>
          </reporter-output>
        </test-method> <!-- createPesponseSpecCode200TypeJson -->
        <test-method signature="checkTheNameOfTheServiceProduct(java.lang.String, java.lang.Integer, java.lang.String)[pri:0, instance:ApiServicesTests@47eaca72]" started-at="2020-10-04T13:16:41Z" name="checkTheNameOfTheServiceProduct" data-provider="ServicesItems" finished-at="2020-10-04T13:16:41Z" duration-ms="32" status="PASS">
          <params>
            <param index="0">
              <value>
                <![CDATA[services]]>
              </value>
            </param>
            <param index="1">
              <value>
                <![CDATA[1]]>
              </value>
            </param>
            <param index="2">
              <value>
                <![CDATA[Geek Squad Services]]>
              </value>
            </param>
          </params>
          <reporter-output>
          </reporter-output>
        </test-method> <!-- checkTheNameOfTheServiceProduct -->
        <test-method signature="checkTheNameOfTheServiceProduct(java.lang.String, java.lang.Integer, java.lang.String)[pri:0, instance:ApiServicesTests@47eaca72]" started-at="2020-10-04T13:16:41Z" name="checkTheNameOfTheServiceProduct" data-provider="ServicesItems" finished-at="2020-10-04T13:16:41Z" duration-ms="19" status="PASS">
          <params>
            <param index="0">
              <value>
                <![CDATA[services]]>
              </value>
            </param>
            <param index="1">
              <value>
                <![CDATA[5]]>
              </value>
            </param>
            <param index="2">
              <value>
                <![CDATA[Hablamos EspaÃ±ol]]>
              </value>
            </param>
          </params>
          <reporter-output>
          </reporter-output>
        </test-method> <!-- checkTheNameOfTheServiceProduct -->
        <test-method signature="checkTheNameOfTheServiceProduct(java.lang.String, java.lang.Integer, java.lang.String)[pri:0, instance:ApiServicesTests@47eaca72]" started-at="2020-10-04T13:16:41Z" name="checkTheNameOfTheServiceProduct" data-provider="ServicesItems" finished-at="2020-10-04T13:16:41Z" duration-ms="19" status="PASS">
          <params>
            <param index="0">
              <value>
                <![CDATA[services]]>
              </value>
            </param>
            <param index="1">
              <value>
                <![CDATA[10]]>
              </value>
            </param>
            <param index="2">
              <value>
                <![CDATA[Windows Store]]>
              </value>
            </param>
          </params>
          <reporter-output>
          </reporter-output>
        </test-method> <!-- checkTheNameOfTheServiceProduct -->
      </class> <!-- ApiServicesTests -->
    </test> <!-- Surefire test -->
  </suite> <!-- Surefire suite -->
</testng-results>
